<?xml version="1.0" encoding="UTF-8"?>
<!-- Generated by org.testng.reporters.JUnitXMLReporter -->
<testsuite ignored="8" hostname="IN-CTRL1J3" failures="0" tests="7" name="Default test" time="20.229" errors="0" timestamp="09 Jul 2024 16:13:10 GMT">
  <testcase classname="com.seleniumProject.tests.ViewTopDealsTest" name="testDeals" time="0.128"/>
  <testcase classname="com.seleniumProject.tests.AddProductinCartTest" name="AddProduct1" time="3.173"/>
  <testcase classname="com.seleniumProject.tests.AddProductinCartTest" name="AddProduct2" time="3.156"/>
  <testcase classname="com.seleniumProject.tests.AddProductinCartTest" name="AddProduct3" time="3.175"/>
  <testcase classname="com.seleniumProject.tests.AddProductinCartTest" name="AddProduct4" time="3.145"/>
  <testcase classname="com.seleniumProject.tests.AddProductinCartTest" name="AddProduct5" time="3.186"/>
  <testcase classname="com.seleniumProject.tests.HotelBookingTest" name="FlightBook" time="3.197"/>
  <testcase classname="baseclass.BaseTest" name="@AfterSuite closeBrowser" time="0.0">
    <ignored/>
  </testcase> <!-- @AfterSuite closeBrowser -->
  <testcase classname="baseclass.BaseTest" name="@AfterSuite closeBrowser" time="0.0">
    <ignored/>
  </testcase> <!-- @AfterSuite closeBrowser -->
  <testcase classname="baseclass.BaseTest" name="@AfterSuite endReport" time="0.0">
    <ignored/>
  </testcase> <!-- @AfterSuite endReport -->
  <testcase classname="baseclass.BaseTest" name="@AfterSuite endReport" time="0.0">
    <ignored/>
  </testcase> <!-- @AfterSuite endReport -->
  <testcase classname="baseclass.BaseTest" name="@BeforeSuite setExtent" time="0.0">
    <ignored/>
  </testcase> <!-- @BeforeSuite setExtent -->
  <testcase classname="baseclass.BaseTest" name="@BeforeSuite setExtent" time="0.0">
    <ignored/>
  </testcase> <!-- @BeforeSuite setExtent -->
  <testcase classname="baseclass.BaseTest" name="@BeforeSuite initializeWebDriver" time="0.0">
    <ignored/>
  </testcase> <!-- @BeforeSuite initializeWebDriver -->
  <testcase classname="baseclass.BaseTest" name="@BeforeSuite initializeWebDriver" time="0.0">
    <ignored/>
  </testcase> <!-- @BeforeSuite initializeWebDriver -->
</testsuite> <!-- Default test -->
