<?xml version="1.0" encoding="UTF-8"?>
<!-- Generated by org.testng.reporters.JUnitXMLReporter -->
<testsuite ignored="8" hostname="IN-CTRL1J3" failures="0" tests="7" name="Test" time="23.6" errors="0" timestamp="16 Jun 2023 06:13:55 GMT">
  <testcase classname="com.seleniumProject.tests.ViewTopDealsTest" name="testDeals" time="0.206"/>
  <testcase classname="com.seleniumProject.tests.AddProductinCartTest" name="AddProduct1" time="3.172"/>
  <testcase classname="com.seleniumProject.tests.AddProductinCartTest" name="AddProduct2" time="3.12"/>
  <testcase classname="com.seleniumProject.tests.AddProductinCartTest" name="AddProduct3" time="3.079"/>
  <testcase classname="com.seleniumProject.tests.AddProductinCartTest" name="AddProduct4" time="3.119"/>
  <testcase classname="com.seleniumProject.tests.AddProductinCartTest" name="AddProduct5" time="3.112"/>
  <testcase classname="com.seleniumProject.tests.HotelBookingTest" name="FlightBook" time="3.124"/>
  <testcase classname="baseclass.BaseTest" name="@AfterSuite closeBrowser" time="0.0">
    <ignored/>
  </testcase> <!-- @AfterSuite closeBrowser -->
  <testcase classname="baseclass.BaseTest" name="@AfterSuite closeBrowser" time="0.0">
    <ignored/>
  </testcase> <!-- @AfterSuite closeBrowser -->
  <testcase classname="baseclass.BaseTest" name="@AfterSuite endReport" time="0.0">
    <ignored/>
  </testcase> <!-- @AfterSuite endReport -->
  <testcase classname="baseclass.BaseTest" name="@AfterSuite endReport" time="0.0">
    <ignored/>
  </testcase> <!-- @AfterSuite endReport -->
  <testcase classname="baseclass.BaseTest" name="@BeforeSuite setExtent" time="0.0">
    <ignored/>
  </testcase> <!-- @BeforeSuite setExtent -->
  <testcase classname="baseclass.BaseTest" name="@BeforeSuite setExtent" time="0.0">
    <ignored/>
  </testcase> <!-- @BeforeSuite setExtent -->
  <testcase classname="baseclass.BaseTest" name="@BeforeSuite initializeWebDriver" time="0.0">
    <ignored/>
  </testcase> <!-- @BeforeSuite initializeWebDriver -->
  <testcase classname="baseclass.BaseTest" name="@BeforeSuite initializeWebDriver" time="0.0">
    <ignored/>
  </testcase> <!-- @BeforeSuite initializeWebDriver -->
</testsuite> <!-- Test -->
